-------------------------------------------------------------------------------
Test set: com.mycompany.camel.RouteXmlTest
-------------------------------------------------------------------------------
Tests run: 1, Failures: 1, Errors: 0, Skipped: 0, Time elapsed: 10.48 s <<< FAILURE! - in com.mycompany.camel.RouteXmlTest
com.mycompany.camel.RouteXmlTest.testCamelRoute  Time elapsed: 10.406 s  <<< FAILURE!
java.lang.AssertionError: mock://file:work/cbr/output/others Received message count 0, expected at least 1
	at com.mycompany.camel.RouteXmlTest.testCamelRoute(RouteXmlTest.java:67)

