<?xml version="1.0" encoding="UTF-8"?>
<testsuite xmlns:xsi="http://www.w3.org/2001/XMLSchema-instance" xsi:noNamespaceSchemaLocation="https://maven.apache.org/surefire/maven-surefire-plugin/xsd/surefire-test-report-3.0.xsd" version="3.0" name="com.mycompany.camel.RouteXmlTest" time="10.48" tests="1" errors="0" skipped="0" failures="1">
  <properties>
[...]
</properties>
  <testcase name="testCamelRoute" classname="com.mycompany.camel.RouteXmlTest" time="10.406">
    <failure message="mock://file:work/cbr/output/others Received message count 0, expected at least 1" type="java.lang.AssertionError"><![CDATA[java.lang.AssertionError: mock://file:work/cbr/output/others Received message count 0, expected at least 1
	at com.mycompany.camel.RouteXmlTest.testCamelRoute(RouteXmlTest.java:67)
]]></failure>
    <system-out><![CDATA[[                          main] RouteXmlTest                   INFO  ********************************************************************************
[                          main] RouteXmlTest                   INFO  Testing: testCamelRoute(com.mycompany.camel.RouteXmlTest)
[                          main] RouteXmlTest                   INFO  ********************************************************************************
[                          main] DefaultTypeConverter           INFO  Type converters loaded (core: 195, classpath: 0)
[                          main] ceptSendToMockEndpointStrategy INFO  Adviced endpoint [file://work/cbr/input] with mock endpoint [mock:file:work/cbr/input]
[                          main] DefaultCamelContext            INFO  Apache Camel 2.23.2.fuse-780036-redhat-00001 (CamelContext: camel-1) is starting
[                          main] DefaultManagementStrategy      INFO  JMX is disabled
[                          main] ceptSendToMockEndpointStrategy INFO  Adviced endpoint [file://work/Rlist/input] with mock endpoint [mock:file:work/Rlist/input]
[                          main] ceptSendToMockEndpointStrategy INFO  Adviced endpoint [direct://test] with mock endpoint [mock:direct:test]
[                          main] DefaultCamelContext            INFO  StreamCaching is not in use. If using streams then its recommended to enable stream caching. See more details at http://camel.apache.org/stream-caching.html
[                          main] DefaultCamelContext            INFO  Route: route1 started and consuming from: file://work/Rlist/input
[                          main] DefaultCamelContext            INFO  Route: route2 started and consuming from: direct://test
[                          main] DefaultCamelContext            INFO  Total 2 routes, of which 2 are started
[                          main] DefaultCamelContext            INFO  Apache Camel 2.23.2.fuse-780036-redhat-00001 (CamelContext: camel-1) started in 0.106 seconds
[                          main] MockEndpoint                   INFO  Asserting: mock://direct:test is satisfied
[                          main] MockEndpoint                   INFO  Asserting: mock://file:work/Rlist/input is satisfied
[                          main] MockEndpoint                   INFO  Asserting: mock://file:work/cbr/output/others is satisfied
[                          main] RouteXmlTest                   INFO  ********************************************************************************
[                          main] RouteXmlTest                   INFO  Testing done: testCamelRoute(com.mycompany.camel.RouteXmlTest)
[                          main] RouteXmlTest                   INFO  Took: 10.020 seconds (10020 millis)
[                          main] RouteXmlTest                   INFO  ********************************************************************************
[                          main] DefaultCamelContext            INFO  Apache Camel 2.23.2.fuse-780036-redhat-00001 (CamelContext: camel-1) is shutting down
[                          main] DefaultShutdownStrategy        INFO  Starting to graceful shutdown 2 routes (timeout 10 seconds)
[el-1) thread #2 - ShutdownTask] DefaultShutdownStrategy        INFO  Route: route2 shutdown complete, was consuming from: direct://test
[el-1) thread #2 - ShutdownTask] DefaultShutdownStrategy        INFO  Route: route1 shutdown complete, was consuming from: file://work/Rlist/input
[                          main] DefaultShutdownStrategy        INFO  Graceful shutdown of 2 routes completed in 0 seconds
[                          main] DefaultCamelContext            INFO  Apache Camel 2.23.2.fuse-780036-redhat-00001 (CamelContext: camel-1) uptime 10.168 seconds
[                          main] DefaultCamelContext            INFO  Apache Camel 2.23.2.fuse-780036-redhat-00001 (CamelContext: camel-1) is shutdown in 0.027 seconds
]]></system-out>
  </testcase>
</testsuite>